<?xml version="1.0" encoding="UTF-8"?>
<!-- Generated by org.testng.reporters.JUnitXMLReporter -->
<testsuite ignored="1" hostname="DESKTOP-MT035TQ" failures="0" tests="1" name="Test" time="11.958" errors="0" timestamp="2025-01-06T13:12:27 IST">
  <testcase classname="com.Mystore.test.TC_MyAccountPageTest" name="Verifylogin" time="3.109"/>
  <testcase classname="com.Mystore.test.TC_MyAccountPageTest" name="VerifyregistrationAndLogin" time="0.0">
    <ignored/>
  </testcase> <!-- VerifyregistrationAndLogin -->
</testsuite> <!-- Test -->
