<?xml version="1.0" encoding="UTF-8"?>
<testng-results ignored="0" total="1" passed="1" failed="0" skipped="0">
  <reporter-output>
  </reporter-output>
  <suite started-at="2025-01-06T13:12:14 IST" name="Suite" finished-at="2025-01-06T13:12:26 IST" duration-ms="11958">
    <groups>
    </groups>
    <test started-at="2025-01-06T13:12:14 IST" name="Test" finished-at="2025-01-06T13:12:26 IST" duration-ms="11958">
      <class name="com.Mystore.test.TC_MyAccountPageTest">
        <test-method is-config="true" signature="setup()[pri:0, instance:com.Mystore.test.TC_MyAccountPageTest@477b4cdf]" started-at="2025-01-06T13:12:14 IST" name="setup" finished-at="2025-01-06T13:12:23 IST" duration-ms="8430" status="PASS">
          <reporter-output>
          </reporter-output>
        </test-method> <!-- setup -->
        <test-method signature="Verifylogin()[pri:0, instance:com.Mystore.test.TC_MyAccountPageTest@477b4cdf]" started-at="2025-01-06T13:12:23 IST" name="Verifylogin" finished-at="2025-01-06T13:12:26 IST" duration-ms="3109" status="PASS">
          <reporter-output>
          </reporter-output>
        </test-method> <!-- Verifylogin -->
      </class> <!-- com.Mystore.test.TC_MyAccountPageTest -->
    </test> <!-- Test -->
  </suite> <!-- Suite -->
</testng-results>
